[2026-04-16T20:26:25Z] startup-complete ["voice": "Daniel", "outputPath": "/Users/grizzmed/REAL_JARVIS/.jarvis/storage/startup-1776371164.aiff", "line": "Good afternoon. Real Jarvis is online. I have 26 indexed skills, 5 native runtime skills, 10 local voice references, and 6 knowledge nodes warmed into memory. Say Jarvis status, Jarvis list skills, Jarvis self heal, or Jarvis shutdown.", "rate": 163]
[2026-04-16T20:26:27Z] listening-active
[2026-04-16T20:26:44Z] startup-complete ["rate": 163, "outputPath": "/Users/grizzmed/REAL_JARVIS/.jarvis/storage/startup-1776371184.aiff", "line": "Good afternoon. Real Jarvis is online. I have 26 indexed skills, 5 native runtime skills, 10 local voice references, and 6 knowledge nodes warmed into memory. Say Jarvis status, Jarvis list skills, Jarvis self heal, or Jarvis shutdown.", "voice": "Daniel"]
[2026-04-16T20:26:45Z] listening-active
[2026-04-16T20:27:27Z] heartbeat stable
[2026-04-16T20:27:45Z] heartbeat stable
[2026-04-16T20:28:27Z] heartbeat stable
[2026-04-16T20:28:45Z] heartbeat stable
[2026-04-16T20:29:27Z] heartbeat stable
[2026-04-16T20:29:45Z] heartbeat stable
[2026-04-16T20:30:27Z] heartbeat stable
[2026-04-16T20:30:45Z] heartbeat stable
[2026-04-16T20:31:27Z] heartbeat stable
[2026-04-16T20:31:45Z] heartbeat stable
[2026-04-16T20:32:27Z] heartbeat stable
[2026-04-16T20:32:45Z] heartbeat stable
[2026-04-16T20:33:27Z] heartbeat stable
[2026-04-16T20:33:45Z] heartbeat stable
[2026-04-16T20:34:27Z] heartbeat stable
[2026-04-16T20:34:46Z] heartbeat stable
[2026-04-16T20:35:27Z] heartbeat stable
[2026-04-16T20:35:45Z] heartbeat stable
[2026-04-16T20:36:27Z] heartbeat stable
[2026-04-16T20:36:45Z] heartbeat stable
[2026-04-16T20:37:27Z] heartbeat stable
[2026-04-16T20:37:45Z] heartbeat stable
[2026-04-16T20:38:27Z] heartbeat stable
[2026-04-16T20:38:45Z] heartbeat stable
[2026-04-16T20:39:27Z] heartbeat stable
[2026-04-16T20:39:45Z] heartbeat stable
[2026-04-16T20:40:27Z] heartbeat stable
[2026-04-16T20:40:45Z] heartbeat stable
[2026-04-16T20:41:27Z] heartbeat stable
[2026-04-16T20:41:45Z] heartbeat stable
[2026-04-16T20:42:27Z] heartbeat stable
[2026-04-16T20:42:45Z] heartbeat stable
[2026-04-16T20:43:27Z] heartbeat stable
[2026-04-16T20:43:45Z] heartbeat stable
[2026-04-16T20:44:27Z] heartbeat stable
[2026-04-16T20:44:45Z] heartbeat stable
[2026-04-16T20:45:27Z] heartbeat stable
[2026-04-16T20:45:45Z] heartbeat stable
[2026-04-16T20:46:27Z] heartbeat stable
[2026-04-16T20:46:45Z] heartbeat stable
[2026-04-16T20:47:27Z] heartbeat stable
[2026-04-16T20:47:45Z] heartbeat stable
[2026-04-16T20:48:27Z] heartbeat stable
[2026-04-16T20:48:45Z] heartbeat stable
[2026-04-16T20:49:27Z] heartbeat stable
[2026-04-16T20:49:45Z] heartbeat stable
[2026-04-16T20:50:27Z] heartbeat stable
[2026-04-16T20:50:45Z] heartbeat stable
[2026-04-16T20:51:27Z] heartbeat stable
[2026-04-16T20:51:45Z] heartbeat stable
[2026-04-16T20:52:27Z] heartbeat stable
[2026-04-16T20:52:45Z] heartbeat stable
[2026-04-16T20:53:27Z] heartbeat stable
[2026-04-16T20:53:45Z] heartbeat stable
[2026-04-16T20:54:27Z] heartbeat stable
[2026-04-16T20:54:45Z] heartbeat stable
[2026-04-16T20:55:27Z] heartbeat stable
[2026-04-16T20:55:45Z] heartbeat stable
[2026-04-16T20:56:27Z] heartbeat stable
[2026-04-16T20:56:45Z] heartbeat stable
[2026-04-16T20:57:27Z] heartbeat stable
[2026-04-16T20:57:45Z] heartbeat stable
[2026-04-16T20:58:27Z] heartbeat stable
[2026-04-16T20:58:45Z] heartbeat stable
[2026-04-16T20:59:27Z] heartbeat stable
[2026-04-16T20:59:45Z] heartbeat stable
[2026-04-16T21:00:27Z] heartbeat stable
[2026-04-16T21:00:45Z] heartbeat stable
[2026-04-16T21:01:27Z] heartbeat stable
[2026-04-16T21:01:45Z] heartbeat stable
[2026-04-16T21:02:27Z] heartbeat stable
[2026-04-16T21:02:45Z] heartbeat stable
[2026-04-16T21:03:27Z] heartbeat stable
[2026-04-17T05:56:12Z] startup-complete ["line": "Good evening. J.A.R.V.I.S. online.", "outputPath": "/Users/grizzmed/REAL_JARVIS/.jarvis/storage/startup-1776390140.wav", "rate": 44100, "voice": "mlx-fish-audio-s2-pro-clone"]
[2026-04-17T05:56:13Z] listening-active
[2026-04-17T05:57:13Z] heartbeat stable
[2026-04-17T05:58:13Z] heartbeat stable
[2026-04-17T05:59:13Z] heartbeat stable
[2026-04-17T06:00:13Z] heartbeat stable
[2026-04-17T06:01:13Z] heartbeat stable
[2026-04-17T06:02:13Z] heartbeat stable
[2026-04-17T06:03:13Z] heartbeat stable
[2026-04-17T06:04:13Z] heartbeat stable
[2026-04-17T06:05:13Z] heartbeat stable
[2026-04-17T06:06:13Z] heartbeat stable
[2026-04-17T06:07:13Z] heartbeat stable
[2026-04-17T06:08:13Z] heartbeat stable
[2026-04-17T06:09:13Z] heartbeat stable
[2026-04-17T06:10:13Z] heartbeat stable
[2026-04-17T06:11:13Z] heartbeat stable
[2026-04-17T06:12:13Z] heartbeat stable
[2026-04-17T06:13:13Z] heartbeat stable
[2026-04-17T06:14:13Z] heartbeat stable
[2026-04-17T06:15:13Z] heartbeat stable
[2026-04-17T06:16:13Z] heartbeat stable
[2026-04-17T06:17:13Z] heartbeat stable
[2026-04-17T06:18:13Z] heartbeat stable
[2026-04-17T06:19:13Z] heartbeat stable
[2026-04-17T06:20:13Z] heartbeat stable
[2026-04-17T06:21:13Z] heartbeat stable
[2026-04-17T06:22:13Z] heartbeat stable
[2026-04-17T06:23:13Z] heartbeat stable
[2026-04-17T06:24:13Z] heartbeat stable
[2026-04-17T06:25:13Z] heartbeat stable
[2026-04-17T06:26:13Z] heartbeat stable
[2026-04-17T06:27:13Z] heartbeat stable
[2026-04-17T06:28:13Z] heartbeat stable
[2026-04-17T06:29:13Z] heartbeat stable
[2026-04-17T06:30:13Z] heartbeat stable
[2026-04-17T06:31:13Z] heartbeat stable
[2026-04-17T06:32:13Z] heartbeat stable
[2026-04-17T06:33:13Z] heartbeat stable
[2026-04-17T06:34:13Z] heartbeat stable
[2026-04-17T06:35:13Z] heartbeat stable
[2026-04-17T06:36:13Z] heartbeat stable
[2026-04-17T06:37:13Z] heartbeat stable
[2026-04-17T06:38:13Z] heartbeat stable
[2026-04-17T06:39:13Z] heartbeat stable
[2026-04-17T06:40:13Z] heartbeat stable
[2026-04-17T06:41:13Z] heartbeat stable
[2026-04-17T06:42:13Z] heartbeat stable
[2026-04-17T06:43:13Z] heartbeat stable
[2026-04-17T06:44:13Z] heartbeat stable
[2026-04-17T06:45:13Z] heartbeat stable
[2026-04-17T06:46:13Z] heartbeat stable
[2026-04-17T06:47:13Z] heartbeat stable
[2026-04-17T06:48:13Z] heartbeat stable
[2026-04-17T06:49:13Z] heartbeat stable
[2026-04-17T06:50:13Z] heartbeat stable
[2026-04-17T06:51:13Z] heartbeat stable
[2026-04-17T06:52:13Z] heartbeat stable
[2026-04-17T06:53:13Z] heartbeat stable
[2026-04-17T06:54:13Z] heartbeat stable
[2026-04-17T06:55:13Z] heartbeat stable
[2026-04-17T06:56:13Z] heartbeat stable
[2026-04-17T06:57:13Z] heartbeat stable
[2026-04-17T06:58:13Z] heartbeat stable
[2026-04-17T06:59:13Z] heartbeat stable
[2026-04-17T07:00:13Z] heartbeat stable
[2026-04-17T07:01:13Z] heartbeat stable
[2026-04-17T07:02:13Z] heartbeat stable
[2026-04-17T07:03:13Z] heartbeat stable
[2026-04-17T07:04:13Z] heartbeat stable
[2026-04-17T07:05:13Z] heartbeat stable
[2026-04-17T07:06:13Z] heartbeat stable
[2026-04-17T07:07:13Z] heartbeat stable
[2026-04-17T07:08:13Z] heartbeat stable
[2026-04-17T07:09:13Z] heartbeat stable
[2026-04-17T07:10:13Z] heartbeat stable
[2026-04-17T07:11:13Z] heartbeat stable
[2026-04-17T07:12:13Z] heartbeat stable
[2026-04-17T07:13:13Z] heartbeat stable
[2026-04-17T07:14:13Z] heartbeat stable
[2026-04-17T07:15:13Z] heartbeat stable
[2026-04-17T07:16:13Z] heartbeat stable
[2026-04-17T07:17:13Z] heartbeat stable
[2026-04-17T07:18:13Z] heartbeat stable
[2026-04-17T07:19:13Z] heartbeat stable
[2026-04-17T07:20:13Z] heartbeat stable
[2026-04-17T07:21:13Z] heartbeat stable
[2026-04-17T07:22:13Z] heartbeat stable
[2026-04-17T07:23:13Z] heartbeat stable
[2026-04-17T07:24:13Z] heartbeat stable
[2026-04-17T07:25:13Z] heartbeat stable
[2026-04-17T07:26:13Z] heartbeat stable
[2026-04-17T07:27:13Z] heartbeat stable
[2026-04-17T07:28:13Z] heartbeat stable
[2026-04-17T07:29:13Z] heartbeat stable
[2026-04-17T07:30:13Z] heartbeat stable
[2026-04-17T07:31:13Z] heartbeat stable
[2026-04-17T07:32:13Z] heartbeat stable
[2026-04-17T07:33:13Z] heartbeat stable
[2026-04-17T07:34:13Z] heartbeat stable
[2026-04-17T07:35:13Z] heartbeat stable
[2026-04-17T07:36:13Z] heartbeat stable
[2026-04-17T07:37:13Z] heartbeat stable
[2026-04-17T07:38:13Z] heartbeat stable
[2026-04-17T07:39:13Z] heartbeat stable
[2026-04-17T07:40:13Z] heartbeat stable
[2026-04-17T07:41:13Z] heartbeat stable
[2026-04-17T07:42:13Z] heartbeat stable
[2026-04-17T07:43:13Z] heartbeat stable
[2026-04-17T07:44:13Z] heartbeat stable
[2026-04-17T07:45:13Z] heartbeat stable
[2026-04-17T07:46:13Z] heartbeat stable
[2026-04-17T07:47:13Z] heartbeat stable
[2026-04-17T07:48:13Z] heartbeat stable
[2026-04-17T07:49:13Z] heartbeat stable
[2026-04-17T07:50:13Z] heartbeat stable
[2026-04-17T07:51:13Z] heartbeat stable
[2026-04-17T07:52:13Z] heartbeat stable
[2026-04-17T07:53:13Z] heartbeat stable
[2026-04-17T07:54:13Z] heartbeat stable
[2026-04-17T07:55:13Z] heartbeat stable
[2026-04-17T07:56:13Z] heartbeat stable
[2026-04-17T07:57:13Z] heartbeat stable
[2026-04-17T07:58:13Z] heartbeat stable
[2026-04-17T07:59:13Z] heartbeat stable
[2026-04-17T08:00:13Z] heartbeat stable
[2026-04-17T08:01:13Z] heartbeat stable
[2026-04-17T08:02:13Z] heartbeat stable
[2026-04-17T08:03:13Z] heartbeat stable
[2026-04-17T08:04:13Z] heartbeat stable
[2026-04-17T08:05:13Z] heartbeat stable
[2026-04-17T08:06:13Z] heartbeat stable
[2026-04-17T08:07:13Z] heartbeat stable
[2026-04-17T08:08:13Z] heartbeat stable
[2026-04-17T08:09:13Z] heartbeat stable
[2026-04-17T08:10:13Z] heartbeat stable
[2026-04-17T08:11:13Z] heartbeat stable
[2026-04-17T08:12:13Z] heartbeat stable
[2026-04-17T08:13:13Z] heartbeat stable
[2026-04-17T08:14:13Z] heartbeat stable
[2026-04-17T08:15:13Z] heartbeat stable
[2026-04-17T08:16:13Z] heartbeat stable
[2026-04-17T08:17:13Z] heartbeat stable
[2026-04-17T08:18:13Z] heartbeat stable
[2026-04-17T08:19:13Z] heartbeat stable
[2026-04-17T08:20:13Z] heartbeat stable
[2026-04-17T08:21:13Z] heartbeat stable
[2026-04-17T08:22:13Z] heartbeat stable
[2026-04-17T08:23:13Z] heartbeat stable
[2026-04-17T08:24:13Z] heartbeat stable
[2026-04-17T08:25:13Z] heartbeat stable
[2026-04-17T08:26:13Z] heartbeat stable
[2026-04-17T08:27:13Z] heartbeat stable
[2026-04-17T08:28:13Z] heartbeat stable
[2026-04-17T08:29:13Z] heartbeat stable
[2026-04-17T08:30:13Z] heartbeat stable
[2026-04-17T08:31:13Z] heartbeat stable
[2026-04-17T08:32:13Z] heartbeat stable
[2026-04-17T08:33:13Z] heartbeat stable
[2026-04-17T08:34:13Z] heartbeat stable
[2026-04-17T08:35:13Z] heartbeat stable
[2026-04-17T08:36:13Z] heartbeat stable
[2026-04-17T08:37:13Z] heartbeat stable
[2026-04-17T08:38:13Z] heartbeat stable
[2026-04-17T08:39:13Z] heartbeat stable
[2026-04-17T08:40:13Z] heartbeat stable
[2026-04-17T08:41:13Z] heartbeat stable
[2026-04-17T08:42:13Z] heartbeat stable
[2026-04-17T08:43:13Z] heartbeat stable
[2026-04-17T08:44:13Z] heartbeat stable
[2026-04-17T08:45:13Z] heartbeat stable
[2026-04-17T08:46:13Z] heartbeat stable
[2026-04-17T08:47:13Z] heartbeat stable
[2026-04-17T08:48:13Z] heartbeat stable
[2026-04-17T08:49:13Z] heartbeat stable
[2026-04-17T08:50:13Z] heartbeat stable
[2026-04-17T08:51:13Z] heartbeat stable
[2026-04-17T08:52:13Z] heartbeat stable
[2026-04-17T08:53:13Z] heartbeat stable
[2026-04-17T08:54:13Z] heartbeat stable
[2026-04-17T08:55:13Z] heartbeat stable
[2026-04-17T08:56:13Z] heartbeat stable
[2026-04-17T08:57:13Z] heartbeat stable
[2026-04-17T08:58:13Z] heartbeat stable
[2026-04-17T08:59:13Z] heartbeat stable
[2026-04-17T09:00:13Z] heartbeat stable
[2026-04-17T09:01:13Z] heartbeat stable
[2026-04-17T09:02:13Z] heartbeat stable
[2026-04-17T09:03:13Z] heartbeat stable
[2026-04-17T09:04:13Z] heartbeat stable
[2026-04-17T09:05:13Z] heartbeat stable
[2026-04-17T09:06:13Z] heartbeat stable
[2026-04-17T09:07:13Z] heartbeat stable
[2026-04-17T09:08:13Z] heartbeat stable
[2026-04-17T09:09:13Z] heartbeat stable
[2026-04-17T09:10:13Z] heartbeat stable
[2026-04-17T09:11:13Z] heartbeat stable
[2026-04-17T09:12:13Z] heartbeat stable
[2026-04-17T09:13:13Z] heartbeat stable
[2026-04-17T09:14:13Z] heartbeat stable
[2026-04-17T09:15:13Z] heartbeat stable
[2026-04-17T09:16:13Z] heartbeat stable
[2026-04-17T09:17:13Z] heartbeat stable
[2026-04-17T09:18:13Z] heartbeat stable
[2026-04-17T09:19:13Z] heartbeat stable
[2026-04-17T09:20:13Z] heartbeat stable
[2026-04-17T09:21:13Z] heartbeat stable
[2026-04-17T09:22:13Z] heartbeat stable
[2026-04-17T09:23:13Z] heartbeat stable
[2026-04-17T09:24:13Z] heartbeat stable
[2026-04-17T09:25:13Z] heartbeat stable
[2026-04-17T09:26:13Z] heartbeat stable
[2026-04-17T09:27:13Z] heartbeat stable
[2026-04-17T09:28:13Z] heartbeat stable
[2026-04-17T09:29:13Z] heartbeat stable
[2026-04-17T09:30:13Z] heartbeat stable
[2026-04-17T09:31:13Z] heartbeat stable
[2026-04-17T09:32:13Z] heartbeat stable
[2026-04-17T09:33:13Z] heartbeat stable
[2026-04-17T09:34:13Z] heartbeat stable
[2026-04-17T09:35:13Z] heartbeat stable
[2026-04-17T09:36:13Z] heartbeat stable
[2026-04-17T09:37:13Z] heartbeat stable
[2026-04-17T09:38:13Z] heartbeat stable
